TN:
SF:src\server.ts
FN:1,__name
FN:1,__export
FN:1,__copyProps
FN:1,get
FN:1,__toESM
FN:1,__toCommonJS
FN:1,app
FN:1,httpServer
FN:84,validateProcurementConfiguration
FN:95,validateBom
FNF:10
FNH:9
FNDA:47,__name
FNDA:8,__export
FNDA:72,__copyProps
FNDA:8,get
FNDA:64,__toESM
FNDA:8,__toCommonJS
FNDA:8,app
FNDA:0,httpServer
FNDA:54,validateProcurementConfiguration
FNDA:7,validateBom
DA:1,1
DA:2,1
DA:3,1
DA:4,1
DA:5,1
DA:6,1
DA:7,1
DA:8,1
DA:9,1
DA:10,1
DA:11,1
DA:12,1
DA:13,1
DA:14,1
DA:15,1
DA:16,1
DA:17,1
DA:18,1
DA:19,1
DA:20,1
DA:21,1
DA:22,1
DA:23,1
DA:24,1
DA:25,1
DA:26,1
DA:27,1
DA:28,1
DA:29,1
DA:30,1
DA:31,1
DA:32,187
DA:33,1
DA:34,153
DA:35,153
DA:36,153
DA:37,153
DA:38,15
DA:39,15
DA:40,153
DA:41,1
DA:42,1
DA:43,1
DA:44,1
DA:45,1
DA:46,1
DA:47,1
DA:48,1
DA:49,1
DA:50,1
DA:51,1
DA:52,1
DA:53,1
DA:54,1
DA:55,1
DA:56,1
DA:57,1
DA:58,1
DA:59,1
DA:60,1
DA:61,1
DA:62,1
DA:63,1
DA:64,1
DA:65,1
DA:66,1
DA:67,1
DA:68,1
DA:69,1
DA:70,1
DA:71,1
DA:72,1
DA:73,1
DA:74,1
DA:75,1
DA:76,1
DA:77,1
DA:78,1
DA:79,1
DA:80,1
DA:81,1
DA:82,1
DA:83,1
DA:84,54
DA:85,54
DA:86,54
DA:87,30
DA:88,3
DA:89,3
DA:90,30
DA:91,1
DA:92,1
DA:93,54
DA:94,1
DA:95,7
DA:96,7
DA:97,7
DA:98,7
DA:99,7
DA:100,9
DA:101,9
DA:102,9
DA:103,9
DA:104,9
DA:105,9
DA:106,7
DA:107,9
DA:108,9
DA:109,9
DA:110,9
DA:111,9
DA:112,9
DA:113,0
DA:114,0
DA:115,0
DA:116,9
DA:117,7
DA:118,9
DA:119,9
DA:120,7
DA:121,1
DA:122,1
DA:123,1
DA:124,1
DA:125,1
DA:126,1
DA:127,1
DA:128,1
DA:129,1
DA:130,1
DA:131,1
DA:132,1
DA:133,1
DA:134,1
DA:135,1
DA:136,1
DA:137,1
DA:138,1
DA:139,0
DA:140,0
DA:141,0
DA:142,0
DA:143,0
DA:144,0
DA:145,0
DA:146,0
DA:147,0
DA:148,0
DA:149,0
DA:150,0
DA:151,0
DA:152,0
DA:153,0
DA:154,1
DA:155,1
DA:156,1
DA:157,1
DA:158,1
DA:159,1
DA:160,10
DA:161,10
DA:162,10
DA:163,10
DA:164,10
DA:165,10
DA:166,10
DA:167,10
DA:168,10
DA:169,10
DA:170,10
DA:171,9
DA:172,9
DA:173,9
DA:174,9
DA:175,9
DA:176,9
DA:177,9
DA:178,9
DA:179,9
DA:180,9
DA:181,9
DA:182,9
DA:183,9
DA:184,1
DA:185,1
DA:186,1
DA:187,1
DA:188,1
DA:189,1
DA:190,0
DA:191,0
DA:192,0
DA:193,0
DA:194,0
DA:195,0
DA:196,0
DA:197,1
DA:198,1
DA:199,1
DA:200,0
DA:201,0
DA:202,1
DA:203,1
DA:204,0
DA:205,0
DA:206,0
DA:207,0
DA:208,0
DA:209,1
DA:210,1
DA:211,1
DA:212,1
DA:213,1
DA:214,1
DA:215,0
DA:216,0
DA:217,0
DA:218,0
DA:219,0
DA:220,0
DA:221,0
DA:222,0
DA:223,1
DA:224,1
DA:225,1
DA:226,1
DA:227,1
DA:228,1
DA:229,1
DA:230,0
DA:231,0
DA:232,0
DA:233,0
DA:234,0
DA:235,0
DA:236,0
DA:237,0
DA:238,0
DA:239,1
DA:240,1
DA:241,1
DA:242,16
DA:243,16
DA:244,16
DA:245,16
DA:246,16
DA:247,16
DA:248,16
DA:249,16
DA:250,16
DA:251,16
DA:252,16
DA:253,16
DA:254,16
DA:255,16
DA:256,16
DA:257,16
DA:258,16
DA:259,16
DA:260,0
DA:261,0
DA:262,0
DA:263,0
DA:264,0
DA:265,0
DA:266,0
DA:267,0
DA:268,0
DA:269,0
DA:270,0
DA:271,0
DA:272,0
DA:273,0
DA:274,0
DA:275,0
DA:276,0
DA:277,0
DA:278,0
DA:279,0
DA:280,0
DA:281,16
DA:282,16
DA:283,16
DA:284,16
DA:285,16
DA:286,16
DA:287,16
DA:288,16
DA:289,0
DA:290,0
DA:291,0
DA:292,0
DA:293,0
DA:294,0
DA:295,0
DA:296,0
DA:297,0
DA:298,0
DA:299,0
DA:300,0
DA:301,0
DA:302,0
DA:303,0
DA:304,0
DA:305,0
DA:306,0
DA:307,0
DA:308,0
DA:309,0
DA:310,0
DA:311,0
DA:312,16
DA:313,16
DA:314,16
DA:315,1
DA:316,1
DA:317,1
DA:318,1
DA:319,1
DA:320,1
DA:321,1
DA:322,1
DA:323,1
DA:324,1
DA:325,1
DA:326,1
DA:327,1
DA:328,1
DA:329,1
DA:330,1
DA:331,1
DA:332,1
DA:333,1
DA:334,1
DA:335,1
DA:336,1
DA:337,1
DA:338,1
DA:339,1
DA:340,1
DA:341,53
DA:342,53
DA:343,53
DA:344,53
DA:345,53
DA:346,53
DA:347,53
DA:348,53
DA:349,53
DA:350,52
DA:351,52
DA:352,52
DA:353,52
DA:354,52
DA:355,52
DA:356,52
DA:357,52
DA:358,52
DA:359,52
DA:360,52
DA:361,53
DA:362,52
DA:363,52
DA:364,1
DA:365,1
DA:366,1
DA:367,1
DA:368,1
DA:369,1
DA:370,1
DA:371,1
DA:372,1
DA:373,1
DA:374,1
DA:375,1
DA:376,1
DA:377,1
DA:378,1
DA:379,1
DA:380,1
DA:381,1
DA:382,1
DA:383,3
DA:384,3
DA:385,3
DA:386,3
DA:387,3
DA:388,3
DA:389,3
DA:390,3
DA:391,3
DA:392,3
DA:393,3
DA:394,3
DA:395,3
DA:396,1
DA:397,1
DA:398,1
DA:399,1
DA:400,1
DA:401,1
DA:402,1
DA:403,1
DA:404,1
DA:405,1
DA:406,1
DA:407,1
DA:408,1
DA:409,1
DA:410,1
DA:411,1
DA:412,26
DA:413,26
DA:414,26
DA:415,26
DA:416,26
DA:417,26
DA:418,26
DA:419,26
DA:420,26
DA:421,26
DA:422,26
DA:423,26
DA:424,26
DA:425,26
DA:426,25
DA:427,1
DA:428,1
DA:429,1
DA:430,1
DA:431,1
DA:432,1
DA:433,1
DA:434,1
DA:435,1
DA:436,1
DA:437,1
DA:438,1
DA:439,1
DA:440,1
DA:441,1
DA:442,1
DA:443,1
DA:444,1
DA:445,1
DA:446,1
DA:447,1
DA:448,1
DA:449,1
DA:450,1
DA:451,1
DA:452,1
DA:453,1
DA:454,1
DA:455,1
DA:456,1
DA:457,1
DA:458,1
DA:459,1
DA:460,1
DA:461,0
DA:462,0
DA:463,0
DA:464,0
DA:465,0
DA:466,0
DA:467,0
DA:468,0
DA:469,0
DA:470,0
DA:471,0
DA:472,0
DA:473,0
DA:474,0
DA:475,0
DA:476,0
DA:477,0
DA:478,0
DA:479,0
DA:480,0
DA:481,0
DA:482,0
DA:483,0
DA:484,0
DA:485,0
DA:486,0
DA:487,0
DA:488,0
DA:489,0
DA:490,0
DA:491,0
DA:492,0
DA:493,0
DA:494,0
DA:495,0
DA:496,0
DA:497,1
DA:498,1
DA:499,1
DA:500,1
DA:501,1
DA:502,1
DA:503,1
DA:504,0
DA:505,0
DA:506,0
DA:507,0
DA:508,0
DA:509,0
DA:510,0
DA:511,0
DA:512,1
DA:513,1
DA:514,1
DA:515,1
DA:516,1
DA:517,1
DA:518,1
DA:519,6
DA:520,6
DA:521,6
DA:522,6
DA:523,6
DA:524,6
DA:525,6
DA:526,1
DA:527,1
DA:528,1
DA:529,1
DA:530,1
DA:531,1
DA:532,1
DA:533,1
DA:534,0
DA:535,1
DA:536,1
DA:537,1
DA:538,1
DA:539,1
DA:540,1
DA:541,1
DA:542,1
DA:543,1
DA:544,1
DA:545,1
DA:546,1
DA:547,1
DA:548,1
DA:549,1
DA:550,1
DA:551,1
DA:552,1
DA:553,7
DA:554,1
DA:555,1
DA:556,1
DA:557,1
DA:558,1
DA:559,1
DA:560,1
DA:561,1
DA:562,1
DA:563,1
DA:564,1
DA:565,1
DA:566,1
DA:567,1
DA:568,1
DA:569,1
DA:570,1
DA:571,1
DA:572,1
DA:573,1
DA:574,0
DA:575,1
DA:576,1
DA:577,1
DA:578,1
DA:579,1
DA:580,1
DA:581,1
DA:582,5
DA:583,1
DA:584,1
DA:585,1
DA:586,1
DA:587,1
DA:588,1
DA:589,1
DA:590,1
DA:591,0
DA:592,1
DA:593,1
DA:594,1
DA:595,1
DA:596,1
DA:597,1
DA:598,1
DA:599,3
DA:600,1
DA:601,1
DA:602,1
DA:603,1
DA:604,1
DA:605,1
DA:606,1
DA:607,1
DA:608,1
DA:609,1
DA:610,1
DA:611,1
DA:612,6
DA:613,1
DA:614,1
DA:615,1
DA:616,1
DA:617,1
DA:618,1
DA:619,1
DA:620,1
DA:621,1
DA:622,1
DA:623,1
DA:624,1
DA:625,1
DA:626,0
DA:627,1
DA:628,1
DA:629,1
DA:630,1
DA:631,1
DA:632,1
DA:633,1
DA:634,0
DA:635,1
DA:636,1
DA:637,1
DA:638,1
DA:639,1
DA:640,1
DA:641,1
DA:642,1
DA:643,1
DA:644,1
DA:645,1
DA:646,1
DA:647,1
DA:648,7
DA:649,7
DA:650,7
DA:651,7
DA:652,7
DA:653,7
DA:654,7
DA:655,7
DA:656,7
DA:657,7
DA:658,7
DA:659,7
DA:660,7
DA:661,7
DA:662,7
DA:663,7
DA:664,7
DA:665,7
DA:666,7
DA:667,7
DA:668,7
DA:669,7
DA:670,7
DA:671,7
DA:672,7
DA:673,7
DA:674,7
DA:675,7
DA:676,7
DA:677,1
DA:678,1
DA:679,1
DA:680,1
DA:681,1
DA:682,1
DA:683,1
DA:684,0
DA:685,0
DA:686,0
DA:687,0
DA:688,0
DA:689,0
DA:690,0
DA:691,0
DA:692,0
DA:693,0
DA:694,0
DA:695,0
DA:696,0
DA:697,0
DA:698,0
DA:699,0
DA:700,0
DA:701,0
DA:702,0
DA:703,0
DA:704,0
DA:705,0
DA:706,0
DA:707,0
DA:708,0
DA:709,0
DA:710,0
DA:711,0
DA:712,0
DA:713,0
DA:714,0
DA:715,0
DA:716,0
DA:717,0
DA:718,0
DA:719,0
DA:720,0
DA:721,0
DA:722,0
DA:723,0
DA:724,1
DA:725,1
DA:726,1
DA:727,1
DA:728,1
DA:729,1
DA:730,1
DA:731,1
DA:732,1
DA:733,1
DA:734,1
DA:735,1
DA:736,1
DA:737,1
DA:738,0
DA:739,1
DA:740,1
DA:741,1
DA:742,1
DA:743,1
DA:744,1
DA:745,1
DA:746,1
DA:747,1
DA:748,1
DA:749,1
DA:750,1
DA:751,1
DA:752,1
DA:753,1
DA:754,1
DA:755,0
DA:756,1
DA:757,1
DA:758,1
DA:759,1
DA:760,1
DA:761,1
DA:762,1
DA:763,1
DA:764,1
DA:765,1
DA:766,1
DA:767,1
DA:768,1
DA:769,1
DA:770,1
DA:771,1
DA:772,1
DA:773,1
DA:774,1
DA:775,1
DA:776,1
DA:777,1
DA:778,1
DA:779,1
DA:780,1
DA:781,1
DA:782,1
DA:783,1
DA:784,1
DA:785,1
DA:786,1
DA:787,1
DA:788,1
DA:789,1
DA:790,1
DA:791,1
DA:792,1
DA:793,1
DA:794,1
DA:795,1
DA:796,1
DA:797,0
DA:798,0
DA:799,0
DA:800,0
DA:801,0
DA:802,0
DA:803,0
DA:804,0
DA:805,0
DA:806,1
DA:807,1
DA:808,1
DA:809,1
DA:810,1
DA:811,1
DA:812,1
DA:813,0
DA:814,1
DA:815,1
DA:816,1
DA:817,1
DA:818,1
DA:819,1
DA:820,1
DA:821,1
DA:822,1
DA:823,1
DA:824,1
DA:825,1
DA:826,1
DA:827,1
DA:828,1
DA:829,487
DA:830,487
DA:831,487
DA:832,487
DA:833,487
DA:834,487
DA:835,487
DA:836,487
DA:837,487
DA:838,487
DA:839,1
DA:840,1
DA:841,1
DA:842,1
DA:843,1
DA:844,1
DA:845,1
DA:846,1
DA:847,1
DA:848,1
DA:849,0
DA:850,1
DA:851,1
DA:852,1
DA:853,1
DA:854,1
DA:855,1
DA:856,1
DA:857,2
DA:858,2
DA:859,2
DA:860,2
DA:861,2
DA:862,2
DA:863,2
DA:864,2
DA:865,2
DA:866,2
DA:867,2
DA:868,2
DA:869,2
DA:870,2
DA:871,2
DA:872,2
DA:873,2
DA:874,2
DA:875,2
DA:876,2
DA:877,2
DA:878,2
DA:879,2
DA:880,2
DA:881,2
DA:882,2
DA:883,2
DA:884,2
DA:885,2
DA:886,2
DA:887,2
DA:888,2
DA:889,2
DA:890,2
DA:891,2
DA:892,2
DA:893,2
DA:894,2
DA:895,2
DA:896,2
DA:897,2
DA:898,2
DA:899,2
DA:900,2
DA:901,2
DA:902,2
DA:903,2
DA:904,2
DA:905,1
DA:906,1
DA:907,1
DA:908,1
DA:909,1
DA:910,1
DA:911,1
DA:912,4
DA:913,4
DA:914,4
DA:915,4
DA:916,4
DA:917,4
DA:918,4
DA:919,4
DA:920,4
DA:921,0
DA:922,0
DA:923,4
DA:924,4
DA:925,4
DA:926,4
DA:927,4
DA:928,4
DA:929,4
DA:930,4
DA:931,4
DA:932,1
DA:933,1
DA:934,1
DA:935,1
DA:936,1
DA:937,1
DA:938,0
DA:939,1
DA:940,1
DA:941,1
DA:942,1
DA:943,1
DA:944,1
DA:945,0
DA:946,0
DA:947,0
DA:948,0
DA:949,0
DA:950,0
DA:951,0
DA:952,0
DA:953,0
DA:954,0
DA:955,0
DA:956,0
DA:957,0
DA:958,0
DA:959,0
DA:960,0
DA:961,0
DA:962,0
DA:963,0
DA:964,0
DA:965,0
DA:966,0
DA:967,0
DA:968,0
DA:969,1
DA:970,1
DA:971,1
DA:972,1
DA:973,1
DA:974,1
DA:975,1
DA:976,1
DA:977,1
DA:978,1
DA:979,1
DA:980,1
DA:981,1
DA:982,3
DA:983,3
DA:984,3
DA:985,3
DA:986,3
DA:987,1
DA:988,1
DA:989,1
DA:990,1
DA:991,1
DA:992,1
DA:993,1
DA:994,1
DA:995,1
DA:996,1
DA:997,1
DA:998,1
DA:999,2
DA:1000,2
DA:1001,2
DA:1002,2
DA:1003,2
DA:1004,2
DA:1005,2
DA:1006,2
DA:1007,2
DA:1008,2
DA:1009,2
DA:1010,2
DA:1011,2
DA:1012,2
DA:1013,2
DA:1014,2
DA:1015,2
DA:1016,0
DA:1017,0
DA:1018,0
DA:1019,0
DA:1020,0
DA:1021,2
DA:1022,2
DA:1023,2
DA:1024,2
DA:1025,2
DA:1026,0
DA:1027,0
DA:1028,0
DA:1029,0
DA:1030,2
DA:1031,2
DA:1032,2
DA:1033,2
DA:1034,1
DA:1035,1
DA:1036,1
DA:1037,1
DA:1038,1
DA:1039,1
DA:1040,0
DA:1041,0
LF:1041
LH:808
BRDA:1039,0,0,0
BRDA:1041,1,0,0
BRDA:1,2,0,47
BRDA:1,3,0,8
BRDA:1,4,0,16
BRDA:1,5,0,72
BRDA:1,6,0,40
BRDA:1,7,0,776
BRDA:1,8,0,752
BRDA:1,9,0,752
BRDA:1,10,0,8
BRDA:1,11,0,64
BRDA:1,12,0,0
BRDA:1,13,0,0
BRDA:1,14,0,8
BRDA:1,15,0,8
BRDA:31,16,0,187
BRDA:33,17,0,176
BRDA:33,18,0,153
BRDA:37,19,0,15
BRDA:38,20,0,0
BRDA:84,21,0,54
BRDA:85,22,0,50
BRDA:86,23,0,30
BRDA:86,24,0,4
BRDA:86,25,0,0
BRDA:87,26,0,18
BRDA:87,27,0,4
BRDA:87,28,0,3
BRDA:88,29,0,0
BRDA:90,30,0,4
BRDA:90,31,0,1
BRDA:91,32,0,0
BRDA:95,33,0,7
BRDA:96,34,0,0
BRDA:97,35,0,0
BRDA:99,36,0,9
BRDA:100,37,0,0
BRDA:101,38,0,0
BRDA:102,39,0,0
BRDA:103,40,0,0
BRDA:117,41,0,9
BRDA:118,42,0,0
BRDA:106,43,0,9
BRDA:107,44,0,0
BRDA:108,45,0,0
BRDA:112,46,0,0
BRDA:159,47,0,10
BRDA:169,48,0,1
BRDA:170,49,0,9
BRDA:170,50,0,9
BRDA:170,51,0,93
BRDA:241,52,0,16
BRDA:252,53,0,10
BRDA:333,54,0,1
BRDA:340,55,0,53
BRDA:361,56,0,52
BRDA:345,57,0,53
BRDA:349,58,0,52
BRDA:371,59,0,1
BRDA:372,60,0,1
BRDA:379,61,0,0
BRDA:382,62,0,3
BRDA:411,63,0,26
BRDA:425,64,0,25
BRDA:412,65,0,26
BRDA:423,66,0,25
BRDA:442,67,0,14
BRDA:518,68,0,6
BRDA:541,69,0,16
BRDA:552,70,0,7
BRDA:560,71,0,2
BRDA:567,72,0,5
BRDA:581,73,0,5
BRDA:598,74,0,3
BRDA:611,75,0,6
BRDA:619,76,0,1
BRDA:647,77,0,7
BRDA:650,78,0,7
BRDA:651,79,0,0
BRDA:657,80,0,0
BRDA:658,81,0,0
BRDA:731,82,0,6
BRDA:731,83,0,5
BRDA:745,84,0,1
BRDA:762,85,0,5
BRDA:768,86,0,3
BRDA:777,87,0,1
BRDA:777,88,0,0
BRDA:778,89,0,1
BRDA:784,90,0,3
BRDA:790,91,0,2
BRDA:820,92,0,1
BRDA:841,93,0,0
BRDA:826,94,0,292
BRDA:826,95,0,0
BRDA:828,96,0,487
BRDA:829,97,0,210
BRDA:840,98,0,487
BRDA:856,99,0,2
BRDA:876,100,0,1
BRDA:899,101,0,1
BRDA:911,102,0,4
BRDA:912,103,0,3
BRDA:915,104,0,0
BRDA:916,105,0,1
BRDA:916,106,0,3
BRDA:917,107,0,1
BRDA:917,108,0,3
BRDA:918,109,0,0
BRDA:919,110,0,1
BRDA:919,111,0,3
BRDA:920,112,0,0
BRDA:931,113,0,1
BRDA:931,114,0,2
BRDA:930,115,0,17
BRDA:981,116,0,3
BRDA:998,117,0,2
BRDA:1000,118,0,2
BRDA:1006,119,0,1
BRDA:1007,120,0,1
BRDA:1008,121,0,0
BRDA:1015,122,0,0
BRDA:1021,123,0,1
BRDA:1022,124,0,0
BRDA:1023,125,0,1
BRDA:1024,126,0,0
BRDA:1025,127,0,0
BRF:128
BRH:95
end_of_record
TN:
SF:src\swagger.ts
FN:1,__export
FN:1,__copyProps
FN:1,get
FN:1,__toCommonJS
FN:1,openApiSpec
FNF:5
FNH:5
FNDA:8,__export
FNDA:8,__copyProps
FNDA:8,get
FNDA:8,__toCommonJS
FNDA:8,openApiSpec
DA:1,1
DA:2,1
DA:3,1
DA:4,1
DA:5,1
DA:6,1
DA:7,1
DA:8,1
DA:9,1
DA:10,1
DA:11,1
DA:12,1
DA:13,1
DA:14,1
DA:15,1
DA:16,1
DA:17,1
DA:18,1
DA:19,1
DA:20,1
DA:21,1
DA:22,1
DA:23,1
DA:24,1
DA:25,1
DA:26,1
DA:27,1
DA:28,1
DA:29,1
DA:30,1
DA:31,1
DA:32,1
DA:33,1
DA:34,1
DA:35,1
DA:36,1
DA:37,1
DA:38,1
DA:39,1
DA:40,1
DA:41,1
DA:42,1
DA:43,1
DA:44,1
DA:45,1
DA:46,1
DA:47,1
DA:48,1
DA:49,1
DA:50,1
DA:51,1
DA:52,1
DA:53,1
DA:54,1
DA:55,1
DA:56,1
DA:57,1
DA:58,1
DA:59,1
DA:60,1
DA:61,1
DA:62,1
DA:63,1
DA:64,1
DA:65,1
DA:66,1
DA:67,1
DA:68,1
DA:69,1
DA:70,1
DA:71,1
DA:72,1
DA:73,1
DA:74,1
DA:75,1
DA:76,1
DA:77,1
DA:78,1
DA:79,1
DA:80,1
DA:81,1
DA:82,1
DA:83,1
DA:84,1
DA:85,1
DA:86,1
DA:87,1
DA:88,1
DA:89,1
DA:90,1
DA:91,1
DA:92,1
DA:93,1
DA:94,1
DA:95,1
DA:96,1
DA:97,1
DA:98,1
DA:99,1
DA:100,1
DA:101,1
DA:102,1
DA:103,1
DA:104,1
DA:105,1
DA:106,1
DA:107,1
DA:108,1
DA:109,1
DA:110,1
DA:111,1
DA:112,1
DA:113,1
DA:114,1
DA:115,1
DA:116,1
DA:117,1
DA:118,1
DA:119,1
DA:120,1
DA:121,1
DA:122,1
DA:123,1
DA:124,1
DA:125,1
DA:126,1
DA:127,1
DA:128,1
DA:129,1
DA:130,1
DA:131,1
DA:132,1
DA:133,1
DA:134,1
DA:135,1
DA:136,1
DA:137,1
DA:138,1
DA:139,1
DA:140,1
DA:141,1
DA:142,1
DA:143,1
DA:144,1
DA:145,1
DA:146,1
DA:147,1
DA:148,1
DA:149,1
DA:150,1
DA:151,1
DA:152,1
DA:153,1
DA:154,1
DA:155,1
DA:156,1
DA:157,1
DA:158,1
DA:159,1
DA:160,1
DA:161,1
DA:162,1
DA:163,1
DA:164,1
DA:165,1
DA:166,1
DA:167,1
DA:168,1
DA:169,1
DA:170,1
DA:171,1
DA:172,1
DA:173,1
DA:174,1
DA:175,1
DA:176,1
DA:177,1
DA:178,1
DA:179,1
DA:180,1
DA:181,1
DA:182,1
DA:183,1
DA:184,1
DA:185,1
DA:186,1
DA:187,1
DA:188,1
DA:189,1
DA:190,1
DA:191,1
DA:192,1
DA:193,1
DA:194,1
DA:195,1
DA:196,1
DA:197,1
DA:198,1
DA:199,1
DA:200,1
DA:201,1
DA:202,1
DA:203,1
DA:204,1
DA:205,1
DA:206,1
DA:207,1
DA:208,1
DA:209,1
DA:210,1
DA:211,1
DA:212,1
DA:213,1
DA:214,1
DA:215,1
DA:216,1
DA:217,1
DA:218,1
DA:219,1
DA:220,1
DA:221,1
DA:222,1
DA:223,1
DA:224,1
DA:225,1
DA:226,1
DA:227,1
DA:228,1
DA:229,1
DA:230,1
DA:231,1
DA:232,1
DA:233,1
DA:234,1
DA:235,1
DA:236,1
DA:237,1
DA:238,1
DA:239,1
DA:240,1
DA:241,1
DA:242,1
DA:243,1
DA:244,1
DA:245,1
DA:246,1
DA:247,1
DA:248,1
DA:249,1
DA:250,1
DA:251,1
DA:252,1
DA:253,1
DA:254,1
DA:255,1
DA:256,1
DA:257,1
DA:258,1
DA:259,1
DA:260,1
DA:261,1
DA:262,1
DA:263,1
DA:264,1
DA:265,1
DA:266,1
DA:267,1
DA:268,1
DA:269,1
DA:270,1
DA:271,1
DA:272,0
LF:272
LH:271
BRDA:272,0,0,0
BRDA:1,1,0,8
BRDA:1,2,0,8
BRDA:1,3,0,0
BRDA:1,4,0,8
BRDA:1,5,0,8
BRDA:1,6,0,8
BRF:7
BRH:5
end_of_record
TN:
SF:src\lib\audit.ts
FN:1,__name
FN:1,__export
FN:1,__copyProps
FN:1,get
FN:1,__toCommonJS
FN:1,audit
FNF:6
FNH:6
FNDA:8,__name
FNDA:8,__export
FNDA:8,__copyProps
FNDA:81,get
FNDA:8,__toCommonJS
FNDA:81,audit
DA:1,81
DA:2,1
DA:3,81
DA:4,81
DA:5,81
DA:6,81
DA:7,81
DA:8,81
DA:9,81
DA:10,81
DA:11,81
DA:12,81
DA:13,81
DA:14,81
DA:15,81
DA:16,81
DA:17,81
DA:18,81
DA:19,81
DA:20,81
DA:21,81
DA:22,81
DA:23,81
DA:24,81
LF:24
LH:24
BRDA:2,0,0,0
BRDA:1,1,0,8
BRDA:1,2,0,8
BRDA:1,3,0,8
BRDA:1,4,0,0
BRDA:1,5,0,81
BRDA:1,6,0,8
BRDA:1,7,0,81
BRDA:2,8,0,81
BRDA:21,9,0,39
BRDA:21,10,0,42
BRDA:22,11,0,0
BRF:12
BRH:9
end_of_record
TN:
SF:src\lib\errors.ts
FN:1,__name
FN:1,__export
FN:1,__copyProps
FN:1,get
FN:1,__toCommonJS
FN:1,AppError
FN:1,asyncHandler
FN:1,errorHandler
FN:2,<instance_members_initializer>
FN:3,AppError
FNF:10
FNH:10
FNDA:24,__name
FNDA:8,__export
FNDA:8,__copyProps
FNDA:506,get
FNDA:8,__toCommonJS
FNDA:34,AppError
FNDA:464,asyncHandler
FNDA:8,errorHandler
FNDA:42,<instance_members_initializer>
FNDA:34,AppError
DA:1,8
DA:2,1
DA:3,42
DA:4,34
DA:5,34
DA:6,34
DA:7,34
DA:8,34
DA:9,42
DA:10,1
DA:11,206
DA:12,1
DA:13,34
DA:14,34
DA:15,34
LF:15
LH:15
BRDA:12,0,0,0
BRDA:1,1,0,24
BRDA:1,2,0,8
BRDA:1,3,0,24
BRDA:1,4,0,8
BRDA:1,5,0,0
BRDA:1,6,0,24
BRDA:1,7,0,506
BRDA:1,8,0,8
BRDA:1,9,0,34
BRDA:1,10,0,464
BRDA:1,11,0,8
BRDA:2,12,0,42
BRDA:3,13,0,34
BRDA:10,14,0,464
BRDA:10,15,0,206
BRDA:12,16,0,34
BRDA:14,17,0,1
BRDA:15,18,0,0
BRF:19
BRH:16
end_of_record
TN:
SF:src\lib\prisma.ts
FN:1,__export
FN:1,__copyProps
FN:1,get
FN:1,__toCommonJS
FN:1,prisma
FNF:5
FNH:5
FNDA:8,__export
FNDA:8,__copyProps
FNDA:545,get
FNDA:8,__toCommonJS
FNDA:545,prisma
DA:1,1
DA:2,1
LF:2
LH:2
BRDA:2,0,0,0
BRDA:1,1,0,8
BRDA:1,2,0,8
BRDA:1,3,0,0
BRDA:1,4,0,545
BRDA:1,5,0,8
BRDA:1,6,0,545
BRF:7
BRH:5
end_of_record
TN:
SF:src\middleware\auth.ts
FN:1,__name
FN:1,__export
FN:1,__copyProps
FN:1,get
FN:1,__toESM
FN:1,__toCommonJS
FN:1,authenticate
FN:1,requirePermission
FN:9,authenticate
FNF:9
FNH:9
FNDA:24,__name
FNDA:8,__export
FNDA:16,__copyProps
FNDA:840,get
FNDA:8,__toESM
FNDA:8,__toCommonJS
FNDA:448,authenticate
FNDA:392,requirePermission
FNDA:214,authenticate
DA:1,392
DA:2,1
DA:3,1
DA:4,1
DA:5,213
DA:6,213
DA:7,213
DA:8,213
DA:9,214
DA:10,214
DA:11,214
DA:12,214
DA:13,214
DA:14,213
DA:15,213
DA:16,213
DA:17,213
DA:18,214
DA:19,214
DA:20,214
DA:21,212
DA:22,212
DA:23,212
DA:24,2326
DA:25,2326
DA:26,212
DA:27,212
DA:28,212
DA:29,212
DA:30,214
DA:31,1
DA:32,1
DA:33,214
DA:34,1
DA:35,1
DA:36,392
DA:37,212
DA:38,212
DA:39,212
DA:40,212
DA:41,212
DA:42,212
DA:43,212
DA:44,212
DA:45,212
DA:46,212
DA:47,212
DA:48,212
DA:49,212
LF:49
LH:49
BRDA:35,0,0,0
BRDA:1,1,0,24
BRDA:1,2,0,8
BRDA:1,3,0,16
BRDA:1,4,0,16
BRDA:1,5,0,0
BRDA:1,6,0,64
BRDA:1,7,0,840
BRDA:1,8,0,8
BRDA:1,9,0,0
BRDA:1,10,0,0
BRDA:1,11,0,8
BRDA:1,12,0,448
BRDA:1,13,0,392
BRDA:4,14,0,213
BRDA:6,15,0,0
BRDA:9,16,0,214
BRDA:11,17,0,213
BRDA:12,18,0,1
BRDA:13,19,0,213
BRDA:18,20,0,212
BRDA:19,21,0,0
BRDA:20,22,0,212
BRDA:30,23,0,1
BRDA:22,24,0,212
BRDA:23,25,0,2326
BRDA:35,26,0,392
BRDA:36,27,0,212
BRDA:38,28,0,0
BRDA:40,29,0,0
BRDA:43,30,0,1
BRDA:45,31,0,211
BRDA:45,32,0,178
BRDA:46,33,0,0
BRDA:48,34,0,211
BRDA:40,35,0,748
BRF:36
BRH:27
end_of_record
TN:
SF:src\services\dashboard.service.ts
FN:1,__name
FN:1,__export
FN:1,__copyProps
FN:1,get
FN:1,__toCommonJS
FN:1,DashboardService
FN:1,dashboardService
FN:13,<static_initializer>
FN:14,summary
FN:48,roleSummary
FN:64,delayedOrders
FN:79,businessHealth
FN:121,reconciliation
FN:136,averageProcurementLeadTime
FN:143,vendorLeadTimes
FNF:15
FNH:13
FNDA:16,__name
FNDA:8,__export
FNDA:8,__copyProps
FNDA:88,get
FNDA:8,__toCommonJS
FNDA:0,DashboardService
FNDA:88,dashboardService
FNDA:8,<static_initializer>
FNDA:44,summary
FNDA:44,roleSummary
FNDA:44,delayedOrders
FNDA:44,businessHealth
FNDA:44,reconciliation
FNDA:44,averageProcurementLeadTime
FNDA:0,vendorLeadTimes
DA:1,88
DA:2,1
DA:3,1
DA:4,1
DA:5,1
DA:6,1
DA:7,1
DA:8,44
DA:9,44
DA:10,44
DA:11,44
DA:12,1
DA:13,1
DA:14,8
DA:15,44
DA:16,44
DA:17,44
DA:18,44
DA:19,44
DA:20,44
DA:21,44
DA:22,44
DA:23,44
DA:24,44
DA:25,44
DA:26,44
DA:27,44
DA:28,44
DA:29,44
DA:30,44
DA:31,44
DA:32,44
DA:33,44
DA:34,44
DA:35,44
DA:36,44
DA:37,44
DA:38,44
DA:39,44
DA:40,44
DA:41,44
DA:42,44
DA:43,44
DA:44,44
DA:45,44
DA:46,44
DA:47,8
DA:48,8
DA:49,44
DA:50,44
DA:51,44
DA:52,44
DA:53,44
DA:54,44
DA:55,44
DA:56,44
DA:57,44
DA:58,44
DA:59,44
DA:60,44
DA:61,44
DA:62,44
DA:63,8
DA:64,8
DA:65,44
DA:66,44
DA:67,44
DA:68,44
DA:69,44
DA:70,44
DA:71,44
DA:72,44
DA:73,44
DA:74,44
DA:75,44
DA:76,44
DA:77,44
DA:78,8
DA:79,8
DA:80,44
DA:81,44
DA:82,44
DA:83,44
DA:84,44
DA:85,44
DA:86,44
DA:87,44
DA:88,44
DA:89,44
DA:90,44
DA:91,44
DA:92,44
DA:93,44
DA:94,44
DA:95,44
DA:96,44
DA:97,44
DA:98,44
DA:99,44
DA:100,44
DA:101,44
DA:102,44
DA:103,44
DA:104,44
DA:105,44
DA:106,44
DA:107,44
DA:108,44
DA:109,44
DA:110,44
DA:111,44
DA:112,44
DA:113,44
DA:114,44
DA:115,44
DA:116,44
DA:117,44
DA:118,44
DA:119,44
DA:120,8
DA:121,8
DA:122,44
DA:123,44
DA:124,44
DA:125,44
DA:126,44
DA:127,44
DA:128,22859
DA:129,22859
DA:130,22859
DA:131,44
DA:132,44
DA:133,44
DA:134,44
DA:135,8
DA:136,8
DA:137,44
DA:138,44
DA:139,44
DA:140,44
DA:141,44
DA:142,8
DA:143,8
DA:144,0
DA:145,0
DA:146,0
DA:147,0
DA:148,0
DA:149,0
DA:150,0
DA:151,0
DA:152,0
DA:153,0
DA:154,8
DA:155,1
DA:156,1
LF:156
LH:146
BRDA:156,0,0,0
BRDA:1,1,0,16
BRDA:1,2,0,8
BRDA:1,3,0,16
BRDA:1,4,0,8
BRDA:1,5,0,0
BRDA:1,6,0,16
BRDA:1,7,0,88
BRDA:1,8,0,8
BRDA:1,9,0,88
BRDA:7,10,0,44
BRDA:13,11,0,8
BRDA:14,12,0,44
BRDA:48,13,0,44
BRDA:64,14,0,44
BRDA:79,15,0,44
BRDA:98,16,0,0
BRDA:100,17,0,0
BRDA:92,18,0,13559
BRDA:93,19,0,22859
BRDA:94,20,0,22859
BRDA:95,21,0,22859
BRDA:96,22,0,22859
BRDA:97,23,0,220
BRDA:99,24,0,220
BRDA:104,25,0,10643
BRDA:117,26,0,220
BRDA:117,27,0,0
BRDA:117,28,0,0
BRDA:121,29,0,44
BRDA:133,30,0,0
BRDA:126,31,0,13559
BRDA:126,32,0,0
BRDA:127,33,0,22859
BRDA:128,34,0,10013
BRDA:132,35,0,22859
BRDA:136,36,0,44
BRDA:138,37,0,0
BRDA:139,38,0,850
BRF:39
BRH:30
end_of_record
TN:
SF:src\services\inventory.service.ts
FN:1,__name
FN:1,__export
FN:1,__copyProps
FN:1,get
FN:1,__toCommonJS
FN:1,InventoryService
FN:1,inventoryService
FN:4,<static_initializer>
FN:5,lockProduct
FN:8,balances
FN:18,calculateAvailableStock
FN:21,reserveStock
FN:47,releaseStock
FN:56,replaceReservation
FN:69,issueReservedStock
FN:123,consumeStock
FN:142,receiveStock
FN:161,produceStock
FN:180,move
FN:228,lockProducts
FNF:20
FNH:17
FNDA:8,__name
FNDA:8,__export
FNDA:8,__copyProps
FNDA:22970,get
FNDA:8,__toCommonJS
FNDA:0,InventoryService
FNDA:22970,inventoryService
FNDA:8,<static_initializer>
FNDA:76,lockProduct
FNDA:22897,balances
FNDA:0,calculateAvailableStock
FNDA:12,reserveStock
FNDA:10,releaseStock
FNDA:3,replaceReservation
FNDA:7,issueReservedStock
FNDA:0,consumeStock
FNDA:2,receiveStock
FNDA:1,produceStock
FNDA:35,move
FNDA:2,lockProducts
DA:1,1
DA:2,1
DA:3,1
DA:4,1
DA:5,8
DA:6,76
DA:7,76
DA:8,8
DA:9,22897
DA:10,22897
DA:11,22897
DA:12,22897
DA:13,22897
DA:14,22897
DA:15,22897
DA:16,22897
DA:17,22897
DA:18,8
DA:19,0
DA:20,0
DA:21,8
DA:22,12
DA:23,12
DA:24,12
DA:25,12
DA:26,12
DA:27,12
DA:28,12
DA:29,12
DA:30,12
DA:31,12
DA:32,12
DA:33,12
DA:34,12
DA:35,12
DA:36,12
DA:37,12
DA:38,12
DA:39,12
DA:40,12
DA:41,12
DA:42,12
DA:43,12
DA:44,12
DA:45,12
DA:46,12
DA:47,8
DA:48,10
DA:49,10
DA:50,10
DA:51,10
DA:52,10
DA:53,10
DA:54,10
DA:55,10
DA:56,8
DA:57,3
DA:58,3
DA:59,3
DA:60,3
DA:61,3
DA:62,3
DA:63,3
DA:64,3
DA:65,3
DA:66,3
DA:67,3
DA:68,3
DA:69,8
DA:70,7
DA:71,7
DA:72,7
DA:73,7
DA:74,7
DA:75,7
DA:76,7
DA:77,7
DA:78,7
DA:79,7
DA:80,7
DA:81,7
DA:82,7
DA:83,7
DA:84,7
DA:85,7
DA:86,7
DA:87,7
DA:88,7
DA:89,3
DA:90,7
DA:91,7
DA:92,7
DA:93,7
DA:94,7
DA:95,6
DA:96,6
DA:97,6
DA:98,6
DA:99,6
DA:100,6
DA:101,6
DA:102,6
DA:103,6
DA:104,6
DA:105,6
DA:106,6
DA:107,6
DA:108,6
DA:109,4
DA:110,4
DA:111,4
DA:112,4
DA:113,4
DA:114,6
DA:115,2
DA:116,2
DA:117,2
DA:118,2
DA:119,2
DA:120,2
DA:121,6
DA:122,7
DA:123,8
DA:124,0
DA:125,0
DA:126,0
DA:127,0
DA:128,0
DA:129,0
DA:130,0
DA:131,0
DA:132,0
DA:133,0
DA:134,0
DA:135,0
DA:136,0
DA:137,0
DA:138,0
DA:139,0
DA:140,0
DA:141,0
DA:142,8
DA:143,2
DA:144,2
DA:145,2
DA:146,2
DA:147,2
DA:148,2
DA:149,2
DA:150,2
DA:151,2
DA:152,2
DA:153,2
DA:154,2
DA:155,2
DA:156,2
DA:157,2
DA:158,2
DA:159,2
DA:160,2
DA:161,8
DA:162,1
DA:163,1
DA:164,1
DA:165,1
DA:166,1
DA:167,1
DA:168,1
DA:169,1
DA:170,1
DA:171,1
DA:172,1
DA:173,1
DA:174,1
DA:175,1
DA:176,1
DA:177,1
DA:178,1
DA:179,1
DA:180,8
DA:181,35
DA:182,35
DA:183,35
DA:184,35
DA:185,35
DA:186,35
DA:187,35
DA:188,35
DA:189,35
DA:190,35
DA:191,35
DA:192,35
DA:193,35
DA:194,35
DA:195,35
DA:196,35
DA:197,35
DA:198,35
DA:199,35
DA:200,35
DA:201,35
DA:202,35
DA:203,35
DA:204,35
DA:205,35
DA:206,35
DA:207,35
DA:208,35
DA:209,35
DA:210,34
DA:211,34
DA:212,34
DA:213,34
DA:214,34
DA:215,34
DA:216,34
DA:217,34
DA:218,34
DA:219,34
DA:220,34
DA:221,34
DA:222,34
DA:223,34
DA:224,34
DA:225,34
DA:226,35
DA:227,8
DA:228,8
DA:229,2
DA:230,6
DA:231,6
DA:232,2
DA:233,8
DA:234,1
LF:234
LH:214
BRDA:234,0,0,0
BRDA:1,1,0,8
BRDA:1,2,0,8
BRDA:1,3,0,16
BRDA:1,4,0,8
BRDA:1,5,0,0
BRDA:1,6,0,16
BRDA:1,7,0,22970
BRDA:1,8,0,8
BRDA:1,9,0,22970
BRDA:4,10,0,8
BRDA:5,11,0,76
BRDA:8,12,0,22897
BRDA:10,13,0,0
BRDA:15,14,0,17711
BRDA:21,15,0,12
BRDA:27,16,0,0
BRDA:37,17,0,0
BRDA:47,18,0,10
BRDA:56,19,0,3
BRDA:64,20,0,0
BRDA:69,21,0,7
BRDA:79,22,0,0
BRDA:82,23,0,0
BRDA:93,24,0,1
BRDA:94,25,0,6
BRDA:106,26,0,0
BRDA:108,27,0,4
BRDA:114,28,0,2
BRDA:87,29,0,7
BRDA:88,30,0,4
BRDA:88,31,0,3
BRDA:91,32,0,7
BRDA:142,33,0,2
BRDA:161,34,0,1
BRDA:180,35,0,35
BRDA:190,36,0,0
BRDA:193,37,0,0
BRDA:194,38,0,9
BRDA:195,39,0,1
BRDA:196,40,0,34
BRDA:196,41,0,26
BRDA:196,42,0,8
BRDA:209,43,0,34
BRDA:228,44,0,2
BRDA:229,45,0,6
BRF:46
BRH:35
end_of_record
TN:
SF:src\services\notification.service.ts
FN:1,__name
FN:1,__export
FN:1,__copyProps
FN:1,get
FN:1,__toCommonJS
FN:1,notificationService
FN:7,<static_initializer>
FN:8,createNotification
FN:23,broadcastNotification
FN:27,notifyAdmins
FN:41,checkLowStock
FNF:11
FNH:11
FNDA:8,__name
FNDA:8,__export
FNDA:8,__copyProps
FNDA:65,get
FNDA:8,__toCommonJS
FNDA:65,notificationService
FNDA:8,<static_initializer>
FNDA:33,createNotification
FNDA:33,broadcastNotification
FNDA:33,notifyAdmins
FNDA:34,checkLowStock
DA:1,65
DA:2,1
DA:3,1
DA:4,1
DA:5,1
DA:6,1
DA:7,1
DA:8,8
DA:9,33
DA:10,33
DA:11,33
DA:12,33
DA:13,33
DA:14,33
DA:15,33
DA:16,33
DA:17,33
DA:18,33
DA:19,33
DA:20,33
DA:21,33
DA:22,8
DA:23,8
DA:24,33
DA:25,33
DA:26,8
DA:27,8
DA:28,33
DA:29,33
DA:30,33
DA:31,33
DA:32,33
DA:33,0
DA:34,0
DA:35,0
DA:36,33
DA:37,33
DA:38,33
DA:39,33
DA:40,8
DA:41,8
DA:42,34
DA:43,34
DA:44,34
DA:45,34
DA:46,34
DA:47,34
DA:48,34
DA:49,34
DA:50,34
DA:51,34
DA:52,34
DA:53,34
DA:54,2
DA:55,2
DA:56,2
DA:57,2
DA:58,2
DA:59,2
DA:60,8
DA:61,8
DA:62,2
DA:63,2
DA:64,2
DA:65,2
DA:66,34
DA:67,8
DA:68,1
DA:69,1
LF:69
LH:66
BRDA:69,0,0,0
BRDA:1,1,0,8
BRDA:1,2,0,8
BRDA:1,3,0,8
BRDA:1,4,0,0
BRDA:1,5,0,65
BRDA:1,6,0,8
BRDA:1,7,0,65
BRDA:7,8,0,8
BRDA:8,9,0,33
BRDA:14,10,0,0
BRDA:23,11,0,33
BRDA:27,12,0,33
BRDA:32,13,0,0
BRDA:41,14,0,34
BRDA:43,15,0,0
BRDA:49,16,0,28
BRDA:52,17,0,32
BRDA:53,18,0,8
BRDA:53,19,0,2
BRDA:60,20,0,0
BRDA:61,21,0,2
BRF:22
BRH:16
end_of_record
TN:
SF:src\services\orders.service.ts
FN:1,__name
FN:1,__export
FN:1,__copyProps
FN:1,get
FN:1,__toCommonJS
FN:1,OrdersService
FN:1,ordersService
FN:29,<static_initializer>
FN:30,createSales
FN:74,updateSales
FN:103,confirmSales
FN:157,createProcurement
FN:283,deliverSales
FN:352,cancelSales
FN:381,createPurchase
FN:431,updatePurchase
FN:461,confirmPurchase
FN:489,receivePurchase
FN:559,cancelPurchase
FN:587,createMo
FN:642,updateMo
FN:672,confirmMo
FN:704,startMo
FN:732,recordMoExecution
FN:792,completeMo
FN:853,cancelMo
FNF:26
FNH:22
FNDA:32,__name
FNDA:8,__export
FNDA:8,__copyProps
FNDA:74,get
FNDA:8,__toCommonJS
FNDA:0,OrdersService
FNDA:74,ordersService
FNDA:8,<static_initializer>
FNDA:14,createSales
FNDA:0,updateSales
FNDA:16,confirmSales
FNDA:3,createProcurement
FNDA:7,deliverSales
FNDA:2,cancelSales
FNDA:5,createPurchase
FNDA:0,updatePurchase
FNDA:3,confirmPurchase
FNDA:6,receivePurchase
FNDA:1,cancelPurchase
FNDA:6,createMo
FNDA:0,updateMo
FNDA:5,confirmMo
FNDA:3,startMo
FNDA:1,recordMoExecution
FNDA:3,completeMo
FNDA:2,cancelMo
DA:1,74
DA:2,1
DA:3,1
DA:4,1
DA:5,1
DA:6,1
DA:7,1
DA:8,1
DA:9,1
DA:10,1
DA:11,1
DA:12,1
DA:13,1
DA:14,1
DA:15,1
DA:16,1
DA:17,0
DA:18,1
DA:19,19
DA:20,19
DA:21,19
DA:22,19
DA:23,19
DA:24,19
DA:25,19
DA:26,19
DA:27,19
DA:28,1
DA:29,1
DA:30,8
DA:31,14
DA:32,14
DA:33,14
DA:34,14
DA:35,14
DA:36,14
DA:37,14
DA:38,14
DA:39,14
DA:40,14
DA:41,14
DA:42,14
DA:43,14
DA:44,14
DA:45,14
DA:46,14
DA:47,14
DA:48,14
DA:49,14
DA:50,14
DA:51,14
DA:52,14
DA:53,14
DA:54,14
DA:55,14
DA:56,14
DA:57,14
DA:58,14
DA:59,14
DA:60,14
DA:61,14
DA:62,14
DA:63,14
DA:64,14
DA:65,14
DA:66,14
DA:67,14
DA:68,14
DA:69,14
DA:70,14
DA:71,14
DA:72,14
DA:73,8
DA:74,8
DA:75,0
DA:76,0
DA:77,0
DA:78,0
DA:79,0
DA:80,0
DA:81,0
DA:82,0
DA:83,0
DA:84,0
DA:85,0
DA:86,0
DA:87,0
DA:88,0
DA:89,0
DA:90,0
DA:91,0
DA:92,0
DA:93,0
DA:94,0
DA:95,0
DA:96,0
DA:97,0
DA:98,0
DA:99,0
DA:100,0
DA:101,0
DA:102,8
DA:103,8
DA:104,16
DA:105,16
DA:106,0
DA:107,0
DA:108,16
DA:109,16
DA:110,16
DA:111,16
DA:112,16
DA:113,16
DA:114,16
DA:115,16
DA:116,13
DA:117,13
DA:118,13
DA:119,13
DA:120,13
DA:121,13
DA:122,13
DA:123,12
DA:124,12
DA:125,12
DA:126,12
DA:127,12
DA:128,13
DA:129,13
DA:130,13
DA:131,16
DA:132,12
DA:133,12
DA:134,12
DA:135,12
DA:136,12
DA:137,12
DA:138,12
DA:139,12
DA:140,12
DA:141,12
DA:142,12
DA:143,12
DA:144,12
DA:145,12
DA:146,12
DA:147,12
DA:148,12
DA:149,12
DA:150,12
DA:151,12
DA:152,16
DA:153,16
DA:154,12
DA:155,16
DA:156,8
DA:157,8
DA:158,3
DA:159,3
DA:160,3
DA:161,3
DA:162,3
DA:163,3
DA:164,3
DA:165,3
DA:166,3
DA:167,3
DA:168,3
DA:169,3
DA:170,3
DA:171,3
DA:172,3
DA:173,3
DA:174,3
DA:175,3
DA:176,3
DA:177,3
DA:178,3
DA:179,3
DA:180,3
DA:181,3
DA:182,3
DA:183,3
DA:184,2
DA:185,2
DA:186,2
DA:187,2
DA:188,2
DA:189,2
DA:190,2
DA:191,2
DA:192,2
DA:193,2
DA:194,2
DA:195,2
DA:196,2
DA:197,2
DA:198,2
DA:199,2
DA:200,2
DA:201,2
DA:202,2
DA:203,2
DA:204,2
DA:205,2
DA:206,2
DA:207,2
DA:208,2
DA:209,2
DA:210,2
DA:211,2
DA:212,2
DA:213,2
DA:214,2
DA:215,2
DA:216,2
DA:217,2
DA:218,2
DA:219,2
DA:220,2
DA:221,2
DA:222,2
DA:223,2
DA:224,2
DA:225,1
DA:226,1
DA:227,1
DA:228,1
DA:229,1
DA:230,1
DA:231,1
DA:232,1
DA:233,1
DA:234,1
DA:235,1
DA:236,1
DA:237,1
DA:238,1
DA:239,1
DA:240,1
DA:241,1
DA:242,1
DA:243,1
DA:244,1
DA:245,1
DA:246,1
DA:247,1
DA:248,1
DA:249,1
DA:250,1
DA:251,1
DA:252,1
DA:253,1
DA:254,1
DA:255,1
DA:256,1
DA:257,1
DA:258,1
DA:259,1
DA:260,1
DA:261,1
DA:262,1
DA:263,1
DA:264,1
DA:265,1
DA:266,1
DA:267,1
DA:268,1
DA:269,1
DA:270,1
DA:271,1
DA:272,1
DA:273,1
DA:274,1
DA:275,1
DA:276,1
DA:277,1
DA:278,1
DA:279,1
DA:280,2
DA:281,3
DA:282,8
DA:283,8
DA:284,7
DA:285,7
DA:286,0
DA:287,0
DA:288,7
DA:289,7
DA:290,7
DA:291,7
DA:292,7
DA:293,5
DA:294,5
DA:295,5
DA:296,5
DA:297,5
DA:298,5
DA:299,5
DA:300,4
DA:301,4
DA:302,4
DA:303,4
DA:304,4
DA:305,4
DA:306,4
DA:307,4
DA:308,4
DA:309,4
DA:310,4
DA:311,4
DA:312,4
DA:313,4
DA:314,4
DA:315,4
DA:316,4
DA:317,4
DA:318,4
DA:319,4
DA:320,4
DA:321,4
DA:322,4
DA:323,4
DA:324,4
DA:325,4
DA:326,5
DA:327,7
DA:328,4
DA:329,4
DA:330,4
DA:331,4
DA:332,7
DA:333,7
DA:334,7
DA:335,7
DA:336,4
DA:337,4
DA:338,4
DA:339,4
DA:340,4
DA:341,4
DA:342,4
DA:343,4
DA:344,4
DA:345,4
DA:346,4
DA:347,7
DA:348,7
DA:349,4
DA:350,7
DA:351,8
DA:352,8
DA:353,2
DA:354,2
DA:355,0
DA:356,0
DA:357,2
DA:358,2
DA:359,2
DA:360,2
DA:361,2
DA:362,2
DA:363,2
DA:364,2
DA:365,2
DA:366,2
DA:367,2
DA:368,2
DA:369,2
DA:370,2
DA:371,2
DA:372,2
DA:373,2
DA:374,2
DA:375,2
DA:376,2
DA:377,2
DA:378,2
DA:379,2
DA:380,8
DA:381,8
DA:382,5
DA:383,5
DA:384,5
DA:385,5
DA:386,5
DA:387,5
DA:388,5
DA:389,5
DA:390,5
DA:391,5
DA:392,5
DA:393,5
DA:394,5
DA:395,5
DA:396,5
DA:397,5
DA:398,5
DA:399,5
DA:400,5
DA:401,5
DA:402,5
DA:403,5
DA:404,5
DA:405,5
DA:406,5
DA:407,5
DA:408,5
DA:409,5
DA:410,5
DA:411,5
DA:412,5
DA:413,5
DA:414,5
DA:415,5
DA:416,5
DA:417,5
DA:418,5
DA:419,5
DA:420,5
DA:421,5
DA:422,5
DA:423,5
DA:424,5
DA:425,5
DA:426,5
DA:427,5
DA:428,5
DA:429,5
DA:430,8
DA:431,8
DA:432,0
DA:433,0
DA:434,0
DA:435,0
DA:436,0
DA:437,0
DA:438,0
DA:439,0
DA:440,0
DA:441,0
DA:442,0
DA:443,0
DA:444,0
DA:445,0
DA:446,0
DA:447,0
DA:448,0
DA:449,0
DA:450,0
DA:451,0
DA:452,0
DA:453,0
DA:454,0
DA:455,0
DA:456,0
DA:457,0
DA:458,0
DA:459,0
DA:460,8
DA:461,8
DA:462,3
DA:463,3
DA:464,0
DA:465,0
DA:466,3
DA:467,3
DA:468,3
DA:469,3
DA:470,3
DA:471,3
DA:472,3
DA:473,3
DA:474,3
DA:475,3
DA:476,3
DA:477,3
DA:478,3
DA:479,3
DA:480,3
DA:481,3
DA:482,3
DA:483,3
DA:484,3
DA:485,3
DA:486,3
DA:487,3
DA:488,8
DA:489,8
DA:490,6
DA:491,6
DA:492,0
DA:493,0
DA:494,6
DA:495,6
DA:496,6
DA:497,6
DA:498,3
DA:499,3
DA:500,3
DA:501,3
DA:502,3
DA:503,3
DA:504,3
DA:505,2
DA:506,2
DA:507,2
DA:508,2
DA:509,2
DA:510,2
DA:511,2
DA:512,2
DA:513,2
DA:514,2
DA:515,2
DA:516,2
DA:517,2
DA:518,2
DA:519,2
DA:520,2
DA:521,2
DA:522,2
DA:523,2
DA:524,2
DA:525,2
DA:526,2
DA:527,3
DA:528,6
DA:529,2
DA:530,2
DA:531,2
DA:532,2
DA:533,2
DA:534,2
DA:535,6
DA:536,6
DA:537,6
DA:538,2
DA:539,2
DA:540,2
DA:541,2
DA:542,2
DA:543,2
DA:544,2
DA:545,2
DA:546,2
DA:547,2
DA:548,2
DA:549,2
DA:550,2
DA:551,2
DA:552,2
DA:553,2
DA:554,6
DA:555,6
DA:556,2
DA:557,6
DA:558,8
DA:559,8
DA:560,1
DA:561,1
DA:562,0
DA:563,0
DA:564,1
DA:565,1
DA:566,1
DA:567,1
DA:568,1
DA:569,1
DA:570,1
DA:571,1
DA:572,1
DA:573,1
DA:574,1
DA:575,1
DA:576,1
DA:577,1
DA:578,1
DA:579,1
DA:580,1
DA:581,1
DA:582,1
DA:583,1
DA:584,1
DA:585,1
DA:586,8
DA:587,8
DA:588,6
DA:589,6
DA:590,6
DA:591,6
DA:592,6
DA:593,6
DA:594,6
DA:595,6
DA:596,6
DA:597,6
DA:598,6
DA:599,5
DA:600,5
DA:601,5
DA:602,5
DA:603,5
DA:604,5
DA:605,5
DA:606,5
DA:607,7
DA:608,7
DA:609,5
DA:610,5
DA:611,5
DA:612,5
DA:613,5
DA:614,5
DA:615,5
DA:616,5
DA:617,5
DA:618,5
DA:619,5
DA:620,5
DA:621,5
DA:622,5
DA:623,5
DA:624,5
DA:625,5
DA:626,5
DA:627,5
DA:628,5
DA:629,5
DA:630,5
DA:631,5
DA:632,5
DA:633,5
DA:634,5
DA:635,5
DA:636,5
DA:637,5
DA:638,6
DA:639,6
DA:640,6
DA:641,8
DA:642,8
DA:643,0
DA:644,0
DA:645,0
DA:646,0
DA:647,0
DA:648,0
DA:649,0
DA:650,0
DA:651,0
DA:652,0
DA:653,0
DA:654,0
DA:655,0
DA:656,0
DA:657,0
DA:658,0
DA:659,0
DA:660,0
DA:661,0
DA:662,0
DA:663,0
DA:664,0
DA:665,0
DA:666,0
DA:667,0
DA:668,0
DA:669,0
DA:670,0
DA:671,8
DA:672,8
DA:673,5
DA:674,5
DA:675,0
DA:676,0
DA:677,5
DA:678,5
DA:679,5
DA:680,5
DA:681,5
DA:682,5
DA:683,5
DA:684,5
DA:685,5
DA:686,4
DA:687,4
DA:688,4
DA:689,4
DA:690,4
DA:691,4
DA:692,4
DA:693,4
DA:694,4
DA:695,4
DA:696,4
DA:697,4
DA:698,4
DA:699,4
DA:700,4
DA:701,5
DA:702,5
DA:703,8
DA:704,8
DA:705,3
DA:706,3
DA:707,0
DA:708,0
DA:709,3
DA:710,3
DA:711,3
DA:712,3
DA:713,3
DA:714,2
DA:715,2
DA:716,2
DA:717,2
DA:718,2
DA:719,2
DA:720,2
DA:721,2
DA:722,2
DA:723,2
DA:724,2
DA:725,2
DA:726,2
DA:727,2
DA:728,2
DA:729,3
DA:730,3
DA:731,8
DA:732,8
DA:733,1
DA:734,1
DA:735,1
DA:736,1
DA:737,1
DA:738,1
DA:739,1
DA:740,1
DA:741,1
DA:742,0
DA:743,0
DA:744,1
DA:745,1
DA:746,1
DA:747,1
DA:748,1
DA:749,1
DA:750,1
DA:751,1
DA:752,1
DA:753,3
DA:754,3
DA:755,3
DA:756,3
DA:757,3
DA:758,3
DA:759,3
DA:760,3
DA:761,3
DA:762,3
DA:763,3
DA:764,3
DA:765,3
DA:766,3
DA:767,3
DA:768,3
DA:769,3
DA:770,1
DA:771,1
DA:772,0
DA:773,0
DA:774,0
DA:775,0
DA:776,0
DA:777,0
DA:778,0
DA:779,0
DA:780,0
DA:781,0
DA:782,0
DA:783,0
DA:784,1
DA:785,1
DA:786,1
DA:787,1
DA:788,1
DA:789,1
DA:790,1
DA:791,8
DA:792,8
DA:793,3
DA:794,3
DA:795,0
DA:796,0
DA:797,3
DA:798,3
DA:799,3
DA:800,3
DA:801,3
DA:802,3
DA:803,3
DA:804,3
DA:805,2
DA:806,2
DA:807,2
DA:808,3
DA:809,4
DA:810,4
DA:811,4
DA:812,4
DA:813,4
DA:814,3
DA:815,3
DA:816,3
DA:817,4
DA:818,3
DA:819,1
DA:820,1
DA:821,1
DA:822,1
DA:823,1
DA:824,1
DA:825,1
DA:826,1
DA:827,1
DA:828,1
DA:829,1
DA:830,1
DA:831,1
DA:832,1
DA:833,1
DA:834,1
DA:835,1
DA:836,1
DA:837,1
DA:838,1
DA:839,1
DA:840,1
DA:841,1
DA:842,1
DA:843,1
DA:844,1
DA:845,1
DA:846,1
DA:847,1
DA:848,3
DA:849,3
DA:850,1
DA:851,3
DA:852,8
DA:853,8
DA:854,2
DA:855,2
DA:856,0
DA:857,0
DA:858,2
DA:859,2
DA:860,2
DA:861,2
DA:862,1
DA:863,0
DA:864,2
DA:865,2
DA:866,2
DA:867,2
DA:868,2
DA:869,2
DA:870,2
DA:871,2
DA:872,2
DA:873,2
DA:874,2
DA:875,2
DA:876,2
DA:877,2
DA:878,2
DA:879,2
DA:880,2
DA:881,2
DA:882,2
DA:883,2
DA:884,2
DA:885,8
DA:886,1
DA:887,1
LF:887
LH:768
BRDA:887,0,0,0
BRDA:1,1,0,32
BRDA:1,2,0,8
BRDA:1,3,0,16
BRDA:1,4,0,8
BRDA:1,5,0,0
BRDA:1,6,0,16
BRDA:1,7,0,74
BRDA:1,8,0,8
BRDA:1,9,0,74
BRDA:15,10,0,27
BRDA:18,11,0,19
BRDA:20,12,0,0
BRDA:21,13,0,0
BRDA:22,14,0,0
BRDA:24,15,0,0
BRDA:29,16,0,8
BRDA:30,17,0,14
BRDA:31,18,0,14
BRDA:32,19,0,0
BRDA:35,20,0,0
BRDA:45,21,0,14
BRDA:47,22,0,0
BRDA:51,23,0,0
BRDA:103,24,0,16
BRDA:153,25,0,12
BRDA:104,26,0,16
BRDA:105,27,0,0
BRDA:112,28,0,0
BRDA:114,29,0,3
BRDA:115,30,0,13
BRDA:121,31,0,1
BRDA:122,32,0,12
BRDA:128,33,0,4
BRDA:129,34,0,3
BRDA:131,35,0,12
BRDA:157,36,0,3
BRDA:164,37,0,0
BRDA:182,38,0,0
BRDA:183,39,0,2
BRDA:185,40,0,0
BRDA:187,41,0,0
BRDA:224,42,0,1
BRDA:226,43,0,0
BRDA:232,44,0,0
BRDA:280,45,0,0
BRDA:243,46,0,1
BRDA:249,47,0,1
BRDA:283,48,0,7
BRDA:348,49,0,4
BRDA:284,50,0,7
BRDA:285,51,0,0
BRDA:289,52,0,0
BRDA:290,53,0,3
BRDA:291,54,0,2
BRDA:292,55,0,5
BRDA:294,56,0,0
BRDA:298,57,0,1
BRDA:299,58,0,4
BRDA:327,59,0,4
BRDA:332,60,0,2
BRDA:334,61,0,4
BRDA:334,62,0,2
BRDA:335,63,0,4
BRDA:293,64,0,5
BRDA:331,65,0,4
BRDA:352,66,0,2
BRDA:353,67,0,2
BRDA:354,68,0,0
BRDA:358,69,0,0
BRDA:360,70,0,0
BRDA:381,71,0,5
BRDA:382,72,0,5
BRDA:383,73,0,0
BRDA:386,74,0,0
BRDA:396,75,0,5
BRDA:398,76,0,0
BRDA:402,77,0,0
BRDA:461,78,0,3
BRDA:462,79,0,3
BRDA:463,80,0,0
BRDA:467,81,0,0
BRDA:469,82,0,0
BRDA:489,83,0,6
BRDA:555,84,0,2
BRDA:490,85,0,6
BRDA:491,86,0,0
BRDA:495,87,0,0
BRDA:496,88,0,3
BRDA:497,89,0,3
BRDA:500,90,0,0
BRDA:504,91,0,2
BRDA:504,92,0,1
BRDA:528,93,0,2
BRDA:535,94,0,1
BRDA:535,95,0,1
BRDA:537,96,0,2
BRDA:499,97,0,3
BRDA:532,98,0,2
BRDA:559,99,0,1
BRDA:560,100,0,1
BRDA:561,101,0,0
BRDA:565,102,0,0
BRDA:567,103,0,0
BRDA:587,104,0,6
BRDA:639,105,0,5
BRDA:588,106,0,6
BRDA:593,107,0,5
BRDA:594,108,0,1
BRDA:595,109,0,5
BRDA:595,110,0,0
BRDA:596,111,0,5
BRDA:597,112,0,0
BRDA:598,113,0,5
BRDA:606,114,0,7
BRDA:612,115,0,5
BRDA:672,116,0,5
BRDA:673,117,0,5
BRDA:674,118,0,0
BRDA:681,119,0,0
BRDA:683,120,0,1
BRDA:685,121,0,4
BRDA:704,122,0,3
BRDA:705,123,0,3
BRDA:706,124,0,0
BRDA:710,125,0,0
BRDA:712,126,0,1
BRDA:713,127,0,2
BRDA:732,128,0,1
BRDA:740,129,0,1
BRDA:741,130,0,0
BRDA:748,131,0,0
BRDA:750,132,0,0
BRDA:752,133,0,0
BRDA:752,134,0,3
BRDA:754,135,0,0
BRDA:757,136,0,0
BRDA:771,137,0,0
BRDA:753,138,0,6
BRDA:792,139,0,3
BRDA:849,140,0,1
BRDA:793,141,0,3
BRDA:794,142,0,0
BRDA:801,143,0,0
BRDA:803,144,0,1
BRDA:804,145,0,2
BRDA:808,146,0,4
BRDA:810,147,0,0
BRDA:813,148,0,3
BRDA:818,149,0,1
BRDA:805,150,0,4
BRDA:853,151,0,2
BRDA:854,152,0,2
BRDA:855,153,0,0
BRDA:859,154,0,0
BRDA:861,155,0,1
BRDA:862,156,0,0
BRDA:865,157,0,0
BRF:158
BRH:100
end_of_record
TN:
SF:src\services\procurement.service.ts
FN:1,__name
FN:1,__export
FN:1,__copyProps
FN:1,get
FN:1,__toCommonJS
FN:1,ProcurementService
FN:1,procurementService
FN:8,<static_initializer>
FN:9,recommend
FNF:9
FNH:8
FNDA:8,__name
FNDA:8,__export
FNDA:8,__copyProps
FNDA:3,get
FNDA:8,__toCommonJS
FNDA:0,ProcurementService
FNDA:3,procurementService
FNDA:8,<static_initializer>
FNDA:3,recommend
DA:1,3
DA:2,1
DA:3,1
DA:4,1
DA:5,1
DA:6,1
DA:7,1
DA:8,1
DA:9,8
DA:10,3
DA:11,3
DA:12,3
DA:13,3
DA:14,3
DA:15,3
DA:16,3
DA:17,3
DA:18,3
DA:19,3
DA:20,3
DA:21,3
DA:22,3
DA:23,3
DA:24,3
DA:25,3
DA:26,3
DA:27,1
DA:28,1
DA:29,1
DA:30,1
DA:31,1
DA:32,1
DA:33,1
DA:34,2
DA:35,3
DA:36,3
DA:37,3
DA:38,3
DA:39,3
DA:40,3
DA:41,3
DA:42,1
DA:43,1
DA:44,1
DA:45,1
DA:46,1
DA:47,1
DA:48,1
DA:49,1
DA:50,1
DA:51,1
DA:52,1
DA:53,1
DA:54,1
DA:55,1
DA:56,1
DA:57,1
DA:58,1
DA:59,1
DA:60,1
DA:61,1
DA:62,1
DA:63,1
DA:64,1
DA:65,1
DA:66,1
DA:67,1
DA:68,1
DA:69,0
DA:70,1
DA:71,1
DA:72,1
DA:73,1
DA:74,1
DA:75,3
DA:76,3
DA:77,3
DA:78,3
DA:79,2
DA:80,2
DA:81,2
DA:82,2
DA:83,2
DA:84,2
DA:85,2
DA:86,2
DA:87,2
DA:88,2
DA:89,2
DA:90,2
DA:91,1
DA:92,1
DA:93,2
DA:94,2
DA:95,2
DA:96,2
DA:97,2
DA:98,2
DA:99,2
DA:100,2
DA:101,2
DA:102,2
DA:103,2
DA:104,3
DA:105,8
DA:106,1
DA:107,1
LF:107
LH:106
BRDA:107,0,0,0
BRDA:1,1,0,8
BRDA:1,2,0,8
BRDA:1,3,0,16
BRDA:1,4,0,8
BRDA:1,5,0,0
BRDA:1,6,0,16
BRDA:1,7,0,3
BRDA:1,8,0,8
BRDA:1,9,0,3
BRDA:8,10,0,8
BRDA:9,11,0,3
BRDA:10,12,0,0
BRDA:23,13,0,0
BRDA:26,14,0,1
BRDA:33,15,0,2
BRDA:41,16,0,1
BRDA:68,17,0,0
BRDA:76,18,0,2
BRDA:77,19,0,1
BRDA:78,20,0,2
BRDA:43,21,0,1
BRDA:48,22,0,1
BRDA:53,23,0,1
BRDA:59,24,0,1
BRDA:64,25,0,1
BRDA:79,26,0,2
BRDA:80,27,0,2
BRDA:81,28,0,2
BRDA:84,29,0,1
BRDA:90,30,0,1
BRF:31
BRH:26
end_of_record
TN:
SF:src\services\realtime.service.ts
FN:1,__name
FN:1,__export
FN:1,__copyProps
FN:1,get
FN:1,__toCommonJS
FN:1,realtimeService
FN:5,<static_initializer>
FN:8,init
FN:17,broadcastDashboardUpdate
FN:30,broadcastNotification
FNF:10
FNH:10
FNDA:8,__name
FNDA:8,__export
FNDA:8,__copyProps
FNDA:85,get
FNDA:8,__toCommonJS
FNDA:85,realtimeService
FNDA:16,<static_initializer>
FNDA:8,init
FNDA:44,broadcastDashboardUpdate
FNDA:33,broadcastNotification
DA:1,85
DA:2,1
DA:3,1
DA:4,1
DA:5,1
DA:6,16
DA:7,16
DA:8,16
DA:9,8
DA:10,8
DA:11,8
DA:12,8
DA:13,0
DA:14,8
DA:15,8
DA:16,16
DA:17,16
DA:18,44
DA:19,44
DA:20,44
DA:21,44
DA:22,44
DA:23,44
DA:24,44
DA:25,44
DA:26,44
DA:27,44
DA:28,44
DA:29,16
DA:30,16
DA:31,33
DA:32,33
DA:33,33
DA:34,33
DA:35,33
DA:36,16
DA:37,1
DA:38,1
LF:38
LH:37
BRDA:38,0,0,0
BRDA:1,1,0,8
BRDA:1,2,0,8
BRDA:1,3,0,8
BRDA:1,4,0,0
BRDA:1,5,0,85
BRDA:1,6,0,8
BRDA:1,7,0,85
BRDA:5,8,0,16
BRDA:8,9,0,8
BRDA:17,10,0,44
BRDA:18,11,0,0
BRDA:30,12,0,33
BRF:13
BRH:10
end_of_record
TN:
SF:src\types\express.d.ts
FN:1,(empty-report)
FNF:1
FNH:0
FNDA:0,(empty-report)
DA:1,0
DA:2,0
DA:3,0
DA:4,0
DA:5,0
DA:6,0
DA:7,0
DA:8,0
DA:9,0
LF:9
LH:0
BRDA:1,0,0,0
BRF:1
BRH:0
end_of_record
